TN:
SF:script/InheritanceManager.s.sol
DA:10,0
FN:10,CounterScript.setUp
FNDA:0,CounterScript.setUp
DA:12,0
FN:12,CounterScript.run
FNDA:0,CounterScript.run
DA:13,0
DA:15,0
DA:17,0
FNF:2
FNH:0
LF:5
LH:0
BRF:0
BRH:0
end_of_record
TN:
SF:src/InheritanceManager.sol
DA:36,22
FN:36,InheritanceManager.constructor
FNDA:22,InheritanceManager.constructor
DA:37,22
DA:38,22
DA:45,6
FN:45,InheritanceManager.onlyOwner
FNDA:6,InheritanceManager.onlyOwner
DA:46,6
BRDA:46,0,0,-
DA:47,0
DA:56,3
FN:56,InheritanceManager.onlyBeneficiaryWithIsInherited
FNDA:3,InheritanceManager.onlyBeneficiaryWithIsInherited
DA:57,3
DA:59,11
DA:60,11
BRDA:60,1,0,9
DA:61,9
DA:63,8
DA:73,3
FN:73,InheritanceManager.nonReentrant
FNDA:3,InheritanceManager.nonReentrant
DA:75,3
BRDA:75,2,0,-
DA:76,3
DA:80,2
DA:95,3
FN:95,InheritanceManager.sendERC20
FNDA:3,InheritanceManager.sendERC20
DA:96,2
BRDA:96,3,0,-
DA:98,0
DA:100,2
DA:101,2
DA:110,3
FN:110,InheritanceManager.sendETH
FNDA:3,InheritanceManager.sendETH
DA:111,2
DA:112,2
BRDA:112,4,0,-
BRDA:112,4,1,2
DA:113,2
DA:126,0
FN:126,InheritanceManager.contractInteractions
FNDA:0,InheritanceManager.contractInteractions
DA:131,0
DA:132,0
BRDA:132,5,0,-
BRDA:132,5,1,-
DA:133,0
BRDA:133,6,0,-
DA:134,0
DA:151,6
FN:151,InheritanceManager.createEstateNFT
FNDA:6,InheritanceManager.createEstateNFT
DA:152,6
DA:153,6
DA:154,6
DA:163,34
FN:163,InheritanceManager.addBeneficiery
FNDA:34,InheritanceManager.addBeneficiery
DA:164,33
DA:165,33
DA:173,1
FN:173,InheritanceManager.removeBeneficiary
FNDA:1,InheritanceManager.removeBeneficiary
DA:174,1
DA:175,1
DA:188,38
FN:188,InheritanceManager._setDeadline
FNDA:38,InheritanceManager._setDeadline
DA:189,38
DA:196,4
FN:196,InheritanceManager._getBeneficiaryIndex
FNDA:4,InheritanceManager._getBeneficiaryIndex
DA:197,5
DA:198,8
BRDA:198,7,0,4
DA:199,4
DA:200,4
DA:205,4
FN:205,InheritanceManager.getDeadline
FNDA:4,InheritanceManager.getDeadline
DA:206,15
DA:209,3
FN:209,InheritanceManager.getOwner
FNDA:3,InheritanceManager.getOwner
DA:210,3
DA:213,1
FN:213,InheritanceManager.getIsInherited
FNDA:1,InheritanceManager.getIsInherited
DA:214,1
DA:217,4
FN:217,InheritanceManager.getTrustee
FNDA:4,InheritanceManager.getTrustee
DA:218,4
DA:229,11
FN:229,InheritanceManager.inherit
FNDA:11,InheritanceManager.inherit
DA:230,11
BRDA:230,8,0,1
DA:231,1
DA:233,10
BRDA:233,9,0,1
BRDA:233,9,1,-
DA:234,1
DA:235,1
DA:236,9
BRDA:236,10,0,9
BRDA:236,10,1,-
DA:237,9
DA:239,0
DA:248,3
FN:248,InheritanceManager.withdrawInheritedFunds
FNDA:3,InheritanceManager.withdrawInheritedFunds
DA:249,3
BRDA:249,11,0,1
DA:250,1
DA:252,2
DA:253,2
BRDA:253,12,0,1
BRDA:253,12,1,3
DA:254,1
DA:255,1
DA:256,1
DA:257,3
DA:258,3
DA:260,3
BRDA:260,13,0,-
BRDA:260,13,1,3
DA:263,1
DA:264,1
DA:265,1
DA:266,3
DA:276,3
FN:276,InheritanceManager.buyOutEstateNFT
FNDA:3,InheritanceManager.buyOutEstateNFT
DA:277,1
DA:278,1
DA:279,1
DA:280,1
DA:281,1
DA:282,1
DA:283,3
BRDA:283,14,0,1
BRDA:283,14,1,2
DA:284,1
DA:286,2
DA:289,0
DA:295,4
FN:295,InheritanceManager.appointTrustee
FNDA:4,InheritanceManager.appointTrustee
DA:296,4
FNF:20
FNH:19
LF:92
LH:83
BRF:22
BRH:12
end_of_record
TN:
SF:src/NFTFactory.sol
DA:14,22
FN:14,NFTFactory.constructor
FNDA:22,NFTFactory.constructor
DA:15,22
DA:18,0
FN:18,NFTFactory.onlyInheritanceManager
FNDA:0,NFTFactory.onlyInheritanceManager
DA:19,0
BRDA:19,0,0,-
DA:20,0
DA:25,6
FN:25,NFTFactory.createEstate
FNDA:6,NFTFactory.createEstate
DA:26,6
DA:27,6
DA:28,6
DA:29,6
DA:32,0
FN:32,NFTFactory.burnEstate
FNDA:0,NFTFactory.burnEstate
DA:33,0
DA:36,6
FN:36,NFTFactory._incrementCounter
FNDA:6,NFTFactory._incrementCounter
DA:37,6
FNF:5
FNH:3
LF:14
LH:9
BRF:1
BRH:0
end_of_record
TN:
SF:src/modules/Trustee.sol
DA:13,2
FN:13,Trustee.onlyTrustee
FNDA:2,Trustee.onlyTrustee
DA:14,2
BRDA:14,0,0,1
DA:15,1
DA:20,2
FN:20,Trustee.setNftValue
FNDA:2,Trustee.setNftValue
DA:21,1
DA:24,1
FN:24,Trustee.setAssetToPay
FNDA:1,Trustee.setAssetToPay
DA:25,1
DA:28,5
FN:28,Trustee.getNftValue
FNDA:5,Trustee.getNftValue
DA:29,5
DA:32,2
FN:32,Trustee.getAssetToPay
FNDA:2,Trustee.getAssetToPay
DA:33,2
FNF:5
FNH:5
LF:11
LH:11
BRF:1
BRH:1
end_of_record
